# Logfile created on 2020-11-13 18:22:46 +0100 by logger.rb/v1.4.2
D, [2020-11-13T18:22:48.312771 #20143] DEBUG -- : MONGODB | Topology type 'unknown' initializing.
D, [2020-11-13T18:22:48.313282 #20143] DEBUG -- : MONGODB | There was a change in the members of the 'Unknown' topology.
D, [2020-11-13T18:22:48.313565 #20143] DEBUG -- : MONGODB | Server rocklov-db:27017 initializing.
D, [2020-11-13T18:22:48.313929 #20143] DEBUG -- : MONGODB | Waiting for up to 30.00 seconds for servers to be scanned: #<Cluster topology=Unknown[rocklov-db:27017] servers=[#<Server address=rocklov-db:27017 UNKNOWN>]>
D, [2020-11-13T18:22:48.320371 #20143] DEBUG -- : MONGODB | Server description for rocklov-db:27017 changed from 'unknown' to 'standalone'.
D, [2020-11-13T18:22:48.320606 #20143] DEBUG -- : MONGODB | Topology type 'Unknown' changed to type 'Single'.
D, [2020-11-13T18:22:48.326374 #20143] DEBUG -- : MONGODB | Server description for rocklov-db:27017 changed from 'standalone' to 'standalone'.
D, [2020-11-13T18:22:48.326490 #20143] DEBUG -- : MONGODB | There was a change in the members of the 'Single' topology.
D, [2020-11-13T18:22:48.327217 #20143] DEBUG -- : MONGODB | rocklov-db:27017 req:7 conn:1:1 sconn:20 | rocklov.delete | STARTED | {"delete"=>"users", "ordered"=>true, "deletes"=>[{"q"=>{"email"=>"tamara@gmail.com"}, "limit"=>0}], "$db"=>"rocklov", "lsid"=>{"id"=><BSON::Binary:0x4540 type=uuid data=0xb6763853bd68422a...>}}
D, [2020-11-13T18:22:48.329152 #20143] DEBUG -- : MONGODB | rocklov-db:27017 req:7 | rocklov.delete | SUCCEEDED | 0.002s
D, [2020-11-13T18:22:49.100696 #20143] DEBUG -- : MONGODB | Server description for rocklov-db:27017 changed from 'standalone' to 'standalone'.
D, [2020-11-13T18:22:49.100876 #20143] DEBUG -- : MONGODB | There was a change in the members of the 'Single' topology.
D, [2020-11-13T18:22:49.101260 #20143] DEBUG -- : MONGODB | rocklov-db:27017 req:9 conn:1:2 sconn:22 | admin.endSessions | STARTED | {"endSessions"=>[{"id"=><BSON::Binary:0x4540 type=uuid data=0xb6763853bd68422a...>}], "$db"=>"admin"}
D, [2020-11-13T18:22:49.102780 #20143] DEBUG -- : MONGODB | rocklov-db:27017 req:9 | admin.endSessions | SUCCEEDED | 0.001s
D, [2020-11-14T10:34:02.640301 #21443] DEBUG -- : MONGODB | Topology type 'unknown' initializing.
D, [2020-11-14T10:34:02.640924 #21443] DEBUG -- : MONGODB | There was a change in the members of the 'Unknown' topology.
D, [2020-11-14T10:34:02.641193 #21443] DEBUG -- : MONGODB | Server rocklov-db:27017 initializing.
D, [2020-11-14T10:34:02.641677 #21443] DEBUG -- : MONGODB | Waiting for up to 30.00 seconds for servers to be scanned: #<Cluster topology=Unknown[rocklov-db:27017] servers=[#<Server address=rocklov-db:27017 UNKNOWN>]>
D, [2020-11-14T10:34:02.649048 #21443] DEBUG -- : MONGODB | Server description for rocklov-db:27017 changed from 'unknown' to 'standalone'.
D, [2020-11-14T10:34:02.649372 #21443] DEBUG -- : MONGODB | Topology type 'Unknown' changed to type 'Single'.
D, [2020-11-14T10:34:02.655688 #21443] DEBUG -- : MONGODB | Server description for rocklov-db:27017 changed from 'standalone' to 'standalone'.
D, [2020-11-14T10:34:02.655818 #21443] DEBUG -- : MONGODB | There was a change in the members of the 'Single' topology.
D, [2020-11-14T10:34:02.656560 #21443] DEBUG -- : MONGODB | rocklov-db:27017 req:7 conn:1:1 sconn:24 | rocklov.delete | STARTED | {"delete"=>"users", "ordered"=>true, "deletes"=>[{"q"=>{"email"=>"tamara@gmail.com"}, "limit"=>0}], "$db"=>"rocklov", "lsid"=>{"id"=><BSON::Binary:0x4540 type=uuid data=0xfb91fbf00b3346dd...>}}
D, [2020-11-14T10:34:02.658663 #21443] DEBUG -- : MONGODB | rocklov-db:27017 req:7 | rocklov.delete | SUCCEEDED | 0.002s
D, [2020-11-14T10:34:03.389565 #21443] DEBUG -- : MONGODB | Server description for rocklov-db:27017 changed from 'standalone' to 'standalone'.
D, [2020-11-14T10:34:03.389704 #21443] DEBUG -- : MONGODB | There was a change in the members of the 'Single' topology.
D, [2020-11-14T10:34:03.390045 #21443] DEBUG -- : MONGODB | rocklov-db:27017 req:9 conn:1:2 sconn:25 | admin.endSessions | STARTED | {"endSessions"=>[{"id"=><BSON::Binary:0x4540 type=uuid data=0xfb91fbf00b3346dd...>}], "$db"=>"admin"}
D, [2020-11-14T10:34:03.391873 #21443] DEBUG -- : MONGODB | rocklov-db:27017 req:9 | admin.endSessions | SUCCEEDED | 0.002s
D, [2020-11-14T10:35:22.228645 #21523] DEBUG -- : MONGODB | Topology type 'unknown' initializing.
D, [2020-11-14T10:35:22.229366 #21523] DEBUG -- : MONGODB | There was a change in the members of the 'Unknown' topology.
D, [2020-11-14T10:35:22.229692 #21523] DEBUG -- : MONGODB | Server rocklov-db:27017 initializing.
D, [2020-11-14T10:35:22.230054 #21523] DEBUG -- : MONGODB | Waiting for up to 30.00 seconds for servers to be scanned: #<Cluster topology=Unknown[rocklov-db:27017] servers=[#<Server address=rocklov-db:27017 UNKNOWN>]>
D, [2020-11-14T10:35:22.240095 #21523] DEBUG -- : MONGODB | Server description for rocklov-db:27017 changed from 'unknown' to 'standalone'.
D, [2020-11-14T10:35:22.240353 #21523] DEBUG -- : MONGODB | Topology type 'Unknown' changed to type 'Single'.
D, [2020-11-14T10:35:22.247082 #21523] DEBUG -- : MONGODB | Server description for rocklov-db:27017 changed from 'standalone' to 'standalone'.
D, [2020-11-14T10:35:22.247187 #21523] DEBUG -- : MONGODB | There was a change in the members of the 'Single' topology.
D, [2020-11-14T10:35:22.247903 #21523] DEBUG -- : MONGODB | rocklov-db:27017 req:7 conn:1:1 sconn:27 | rocklov.delete | STARTED | {"delete"=>"users", "ordered"=>true, "deletes"=>[{"q"=>{"email"=>"tamara@gmail.com"}, "limit"=>0}], "$db"=>"rocklov", "lsid"=>{"id"=><BSON::Binary:0x4540 type=uuid data=0xd49e15a72ae6475c...>}}
D, [2020-11-14T10:35:22.250518 #21523] DEBUG -- : MONGODB | rocklov-db:27017 req:7 | rocklov.delete | SUCCEEDED | 0.002s
D, [2020-11-14T10:35:23.041144 #21523] DEBUG -- : MONGODB | Server description for rocklov-db:27017 changed from 'standalone' to 'standalone'.
D, [2020-11-14T10:35:23.041314 #21523] DEBUG -- : MONGODB | There was a change in the members of the 'Single' topology.
D, [2020-11-14T10:35:23.041699 #21523] DEBUG -- : MONGODB | rocklov-db:27017 req:9 conn:1:2 sconn:29 | admin.endSessions | STARTED | {"endSessions"=>[{"id"=><BSON::Binary:0x4540 type=uuid data=0xd49e15a72ae6475c...>}], "$db"=>"admin"}
D, [2020-11-14T10:35:23.044333 #21523] DEBUG -- : MONGODB | rocklov-db:27017 req:9 | admin.endSessions | SUCCEEDED | 0.002s
D, [2020-11-14T10:39:39.441827 #21619] DEBUG -- : MONGODB | Topology type 'unknown' initializing.
D, [2020-11-14T10:39:39.443287 #21619] DEBUG -- : MONGODB | There was a change in the members of the 'Unknown' topology.
D, [2020-11-14T10:39:39.443670 #21619] DEBUG -- : MONGODB | Server rocklov-db:27017 initializing.
D, [2020-11-14T10:39:39.443889 #21619] DEBUG -- : MONGODB | Waiting for up to 30.00 seconds for servers to be scanned: #<Cluster topology=Unknown[rocklov-db:27017] servers=[#<Server address=rocklov-db:27017 UNKNOWN>]>
D, [2020-11-14T10:39:39.451829 #21619] DEBUG -- : MONGODB | Server description for rocklov-db:27017 changed from 'unknown' to 'standalone'.
D, [2020-11-14T10:39:39.452370 #21619] DEBUG -- : MONGODB | Topology type 'Unknown' changed to type 'Single'.
D, [2020-11-14T10:39:39.461211 #21619] DEBUG -- : MONGODB | Server description for rocklov-db:27017 changed from 'standalone' to 'standalone'.
D, [2020-11-14T10:39:39.461359 #21619] DEBUG -- : MONGODB | There was a change in the members of the 'Single' topology.
D, [2020-11-14T10:39:39.462344 #21619] DEBUG -- : MONGODB | rocklov-db:27017 req:7 conn:1:1 sconn:31 | rocklov.delete | STARTED | {"delete"=>"users", "ordered"=>true, "deletes"=>[{"q"=>{"email"=>"tamara@gmail.com"}, "limit"=>0}], "$db"=>"rocklov", "lsid"=>{"id"=><BSON::Binary:0x4540 type=uuid data=0x22ef226a6cba4293...>}}
D, [2020-11-14T10:39:39.465797 #21619] DEBUG -- : MONGODB | rocklov-db:27017 req:7 | rocklov.delete | SUCCEEDED | 0.003s
D, [2020-11-14T10:39:40.156358 #21619] DEBUG -- : MONGODB | Server description for rocklov-db:27017 changed from 'standalone' to 'standalone'.
D, [2020-11-14T10:39:40.156522 #21619] DEBUG -- : MONGODB | There was a change in the members of the 'Single' topology.
D, [2020-11-14T10:39:40.156901 #21619] DEBUG -- : MONGODB | rocklov-db:27017 req:9 conn:1:2 sconn:32 | admin.endSessions | STARTED | {"endSessions"=>[{"id"=><BSON::Binary:0x4540 type=uuid data=0x22ef226a6cba4293...>}], "$db"=>"admin"}
D, [2020-11-14T10:39:40.158674 #21619] DEBUG -- : MONGODB | rocklov-db:27017 req:9 | admin.endSessions | SUCCEEDED | 0.002s
D, [2020-11-14T10:45:58.545453 #21760] DEBUG -- : MONGODB | Topology type 'unknown' initializing.
D, [2020-11-14T10:45:58.546103 #21760] DEBUG -- : MONGODB | There was a change in the members of the 'Unknown' topology.
D, [2020-11-14T10:45:58.546408 #21760] DEBUG -- : MONGODB | Server rocklov-db:27017 initializing.
D, [2020-11-14T10:45:58.546736 #21760] DEBUG -- : MONGODB | Waiting for up to 30.00 seconds for servers to be scanned: #<Cluster topology=Unknown[rocklov-db:27017] servers=[#<Server address=rocklov-db:27017 UNKNOWN>]>
D, [2020-11-14T10:45:58.556283 #21760] DEBUG -- : MONGODB | Server description for rocklov-db:27017 changed from 'unknown' to 'standalone'.
D, [2020-11-14T10:45:58.556606 #21760] DEBUG -- : MONGODB | Topology type 'Unknown' changed to type 'Single'.
D, [2020-11-14T10:45:58.564337 #21760] DEBUG -- : MONGODB | Server description for rocklov-db:27017 changed from 'standalone' to 'standalone'.
D, [2020-11-14T10:45:58.564467 #21760] DEBUG -- : MONGODB | There was a change in the members of the 'Single' topology.
D, [2020-11-14T10:45:58.565318 #21760] DEBUG -- : MONGODB | rocklov-db:27017 req:7 conn:1:1 sconn:34 | rocklov.delete | STARTED | {"delete"=>"users", "ordered"=>true, "deletes"=>[{"q"=>{"email"=>"tamara@gmail.com"}, "limit"=>0}], "$db"=>"rocklov", "lsid"=>{"id"=><BSON::Binary:0x4560 type=uuid data=0x6d622ed835934e4b...>}}
D, [2020-11-14T10:45:58.567525 #21760] DEBUG -- : MONGODB | rocklov-db:27017 req:7 | rocklov.delete | SUCCEEDED | 0.002s
D, [2020-11-14T10:45:59.400963 #21760] DEBUG -- : MONGODB | Topology type 'unknown' initializing.
D, [2020-11-14T10:45:59.401249 #21760] DEBUG -- : MONGODB | There was a change in the members of the 'Unknown' topology.
D, [2020-11-14T10:45:59.401364 #21760] DEBUG -- : MONGODB | Server rocklov-db:27017 initializing.
D, [2020-11-14T10:45:59.401625 #21760] DEBUG -- : MONGODB | Waiting for up to 30.00 seconds for servers to be scanned: #<Cluster topology=Unknown[rocklov-db:27017] servers=[#<Server address=rocklov-db:27017 UNKNOWN>]>
D, [2020-11-14T10:45:59.409137 #21760] DEBUG -- : MONGODB | Server description for rocklov-db:27017 changed from 'unknown' to 'standalone'.
D, [2020-11-14T10:45:59.409338 #21760] DEBUG -- : MONGODB | Topology type 'Unknown' changed to type 'Single'.
D, [2020-11-14T10:45:59.416713 #21760] DEBUG -- : MONGODB | Server description for rocklov-db:27017 changed from 'standalone' to 'standalone'.
D, [2020-11-14T10:45:59.416836 #21760] DEBUG -- : MONGODB | There was a change in the members of the 'Single' topology.
D, [2020-11-14T10:45:59.417304 #21760] DEBUG -- : MONGODB | rocklov-db:27017 req:10 conn:1:1 sconn:37 | rocklov.delete | STARTED | {"delete"=>"users", "ordered"=>true, "deletes"=>[{"q"=>{"email"=>"tamara@gmail.com"}, "limit"=>0}], "$db"=>"rocklov", "lsid"=>{"id"=><BSON::Binary:0x4680 type=uuid data=0xb6b719e83345498d...>}}
D, [2020-11-14T10:45:59.419705 #21760] DEBUG -- : MONGODB | rocklov-db:27017 req:10 | rocklov.delete | SUCCEEDED | 0.002s
D, [2020-11-14T10:45:59.985748 #21760] DEBUG -- : MONGODB | Topology type 'unknown' initializing.
D, [2020-11-14T10:45:59.986017 #21760] DEBUG -- : MONGODB | There was a change in the members of the 'Unknown' topology.
D, [2020-11-14T10:45:59.986163 #21760] DEBUG -- : MONGODB | Server rocklov-db:27017 initializing.
D, [2020-11-14T10:45:59.986388 #21760] DEBUG -- : MONGODB | Waiting for up to 30.00 seconds for servers to be scanned: #<Cluster topology=Unknown[rocklov-db:27017] servers=[#<Server address=rocklov-db:27017 UNKNOWN>]>
D, [2020-11-14T10:46:00.004219 #21760] DEBUG -- : MONGODB | Server description for rocklov-db:27017 changed from 'unknown' to 'standalone'.
D, [2020-11-14T10:46:00.004482 #21760] DEBUG -- : MONGODB | Topology type 'Unknown' changed to type 'Single'.
D, [2020-11-14T10:46:00.012659 #21760] DEBUG -- : MONGODB | Server description for rocklov-db:27017 changed from 'standalone' to 'standalone'.
D, [2020-11-14T10:46:00.012768 #21760] DEBUG -- : MONGODB | There was a change in the members of the 'Single' topology.
D, [2020-11-14T10:46:00.013271 #21760] DEBUG -- : MONGODB | rocklov-db:27017 req:13 conn:1:1 sconn:39 | rocklov.delete | STARTED | {"delete"=>"users", "ordered"=>true, "deletes"=>[{"q"=>{"email"=>""}, "limit"=>0}], "$db"=>"rocklov", "lsid"=>{"id"=><BSON::Binary:0x4800 type=uuid data=0x220cc21a01b64db6...>}}
D, [2020-11-14T10:46:00.015773 #21760] DEBUG -- : MONGODB | rocklov-db:27017 req:13 | rocklov.delete | SUCCEEDED | 0.002s
D, [2020-11-14T10:46:00.337990 #21760] DEBUG -- : MONGODB | Topology type 'unknown' initializing.
D, [2020-11-14T10:46:00.338230 #21760] DEBUG -- : MONGODB | There was a change in the members of the 'Unknown' topology.
D, [2020-11-14T10:46:00.338312 #21760] DEBUG -- : MONGODB | Server rocklov-db:27017 initializing.
D, [2020-11-14T10:46:00.338491 #21760] DEBUG -- : MONGODB | Waiting for up to 30.00 seconds for servers to be scanned: #<Cluster topology=Unknown[rocklov-db:27017] servers=[#<Server address=rocklov-db:27017 UNKNOWN>]>
D, [2020-11-14T10:46:00.345478 #21760] DEBUG -- : MONGODB | Server description for rocklov-db:27017 changed from 'unknown' to 'standalone'.
D, [2020-11-14T10:46:00.345678 #21760] DEBUG -- : MONGODB | Topology type 'Unknown' changed to type 'Single'.
D, [2020-11-14T10:46:00.352196 #21760] DEBUG -- : MONGODB | Server description for rocklov-db:27017 changed from 'standalone' to 'standalone'.
D, [2020-11-14T10:46:00.352306 #21760] DEBUG -- : MONGODB | There was a change in the members of the 'Single' topology.
D, [2020-11-14T10:46:00.352722 #21760] DEBUG -- : MONGODB | rocklov-db:27017 req:16 conn:1:1 sconn:41 | rocklov.delete | STARTED | {"delete"=>"users", "ordered"=>true, "deletes"=>[{"q"=>{"email"=>"tamara*gmail.com"}, "limit"=>0}], "$db"=>"rocklov", "lsid"=>{"id"=><BSON::Binary:0x4920 type=uuid data=0xd4f41eb70b164a5c...>}}
D, [2020-11-14T10:46:00.355046 #21760] DEBUG -- : MONGODB | rocklov-db:27017 req:16 | rocklov.delete | SUCCEEDED | 0.002s
D, [2020-11-14T10:46:01.108986 #21760] DEBUG -- : MONGODB | Topology type 'unknown' initializing.
D, [2020-11-14T10:46:01.109219 #21760] DEBUG -- : MONGODB | There was a change in the members of the 'Unknown' topology.
D, [2020-11-14T10:46:01.109316 #21760] DEBUG -- : MONGODB | Server rocklov-db:27017 initializing.
D, [2020-11-14T10:46:01.109520 #21760] DEBUG -- : MONGODB | Waiting for up to 30.00 seconds for servers to be scanned: #<Cluster topology=Unknown[rocklov-db:27017] servers=[#<Server address=rocklov-db:27017 UNKNOWN>]>
D, [2020-11-14T10:46:01.116628 #21760] DEBUG -- : MONGODB | Server description for rocklov-db:27017 changed from 'unknown' to 'standalone'.
D, [2020-11-14T10:46:01.116874 #21760] DEBUG -- : MONGODB | Topology type 'Unknown' changed to type 'Single'.
D, [2020-11-14T10:46:01.124191 #21760] DEBUG -- : MONGODB | Server description for rocklov-db:27017 changed from 'standalone' to 'standalone'.
D, [2020-11-14T10:46:01.124342 #21760] DEBUG -- : MONGODB | There was a change in the members of the 'Single' topology.
D, [2020-11-14T10:46:01.125160 #21760] DEBUG -- : MONGODB | rocklov-db:27017 req:19 conn:1:1 sconn:43 | rocklov.delete | STARTED | {"delete"=>"users", "ordered"=>true, "deletes"=>[{"q"=>{"email"=>"tamara@gmail.com"}, "limit"=>0}], "$db"=>"rocklov", "lsid"=>{"id"=><BSON::Binary:0x5040 type=uuid data=0x91df63f45dfc41b8...>}}
D, [2020-11-14T10:46:01.128060 #21760] DEBUG -- : MONGODB | rocklov-db:27017 req:19 | rocklov.delete | SUCCEEDED | 0.003s
D, [2020-11-14T10:46:01.598828 #21760] DEBUG -- : MONGODB | Server description for rocklov-db:27017 changed from 'standalone' to 'standalone'.
D, [2020-11-14T10:46:01.598964 #21760] DEBUG -- : MONGODB | There was a change in the members of the 'Single' topology.
D, [2020-11-14T10:46:01.599299 #21760] DEBUG -- : MONGODB | rocklov-db:27017 req:21 conn:1:2 sconn:44 | admin.endSessions | STARTED | {"endSessions"=>[{"id"=><BSON::Binary:0x5040 type=uuid data=0x91df63f45dfc41b8...>}], "$db"=>"admin"}
D, [2020-11-14T10:46:01.600981 #21760] DEBUG -- : MONGODB | rocklov-db:27017 req:21 | admin.endSessions | SUCCEEDED | 0.002s
D, [2020-11-14T10:46:01.606839 #21760] DEBUG -- : MONGODB | Server description for rocklov-db:27017 changed from 'standalone' to 'standalone'.
D, [2020-11-14T10:46:01.606970 #21760] DEBUG -- : MONGODB | There was a change in the members of the 'Single' topology.
D, [2020-11-14T10:46:01.607247 #21760] DEBUG -- : MONGODB | rocklov-db:27017 req:23 conn:1:2 sconn:45 | admin.endSessions | STARTED | {"endSessions"=>[{"id"=><BSON::Binary:0x4920 type=uuid data=0xd4f41eb70b164a5c...>}], "$db"=>"admin"}
D, [2020-11-14T10:46:01.609102 #21760] DEBUG -- : MONGODB | rocklov-db:27017 req:23 | admin.endSessions | SUCCEEDED | 0.002s
D, [2020-11-14T10:46:01.614625 #21760] DEBUG -- : MONGODB | Server description for rocklov-db:27017 changed from 'standalone' to 'standalone'.
D, [2020-11-14T10:46:01.614758 #21760] DEBUG -- : MONGODB | There was a change in the members of the 'Single' topology.
D, [2020-11-14T10:46:01.615067 #21760] DEBUG -- : MONGODB | rocklov-db:27017 req:25 conn:1:2 sconn:46 | admin.endSessions | STARTED | {"endSessions"=>[{"id"=><BSON::Binary:0x4800 type=uuid data=0x220cc21a01b64db6...>}], "$db"=>"admin"}
D, [2020-11-14T10:46:01.616720 #21760] DEBUG -- : MONGODB | rocklov-db:27017 req:25 | admin.endSessions | SUCCEEDED | 0.002s
D, [2020-11-14T10:46:01.622029 #21760] DEBUG -- : MONGODB | Server description for rocklov-db:27017 changed from 'standalone' to 'standalone'.
D, [2020-11-14T10:46:01.622141 #21760] DEBUG -- : MONGODB | There was a change in the members of the 'Single' topology.
D, [2020-11-14T10:46:01.622434 #21760] DEBUG -- : MONGODB | rocklov-db:27017 req:27 conn:1:2 sconn:47 | admin.endSessions | STARTED | {"endSessions"=>[{"id"=><BSON::Binary:0x4680 type=uuid data=0xb6b719e83345498d...>}], "$db"=>"admin"}
D, [2020-11-14T10:46:01.624236 #21760] DEBUG -- : MONGODB | rocklov-db:27017 req:27 | admin.endSessions | SUCCEEDED | 0.002s
D, [2020-11-14T10:46:01.628826 #21760] DEBUG -- : MONGODB | Server description for rocklov-db:27017 changed from 'standalone' to 'standalone'.
D, [2020-11-14T10:46:01.628939 #21760] DEBUG -- : MONGODB | There was a change in the members of the 'Single' topology.
D, [2020-11-14T10:46:01.629191 #21760] DEBUG -- : MONGODB | rocklov-db:27017 req:29 conn:1:2 sconn:48 | admin.endSessions | STARTED | {"endSessions"=>[{"id"=><BSON::Binary:0x4560 type=uuid data=0x6d622ed835934e4b...>}], "$db"=>"admin"}
D, [2020-11-14T10:46:01.630721 #21760] DEBUG -- : MONGODB | rocklov-db:27017 req:29 | admin.endSessions | SUCCEEDED | 0.001s
D, [2020-11-14T11:00:13.519891 #21977] DEBUG -- : MONGODB | Topology type 'unknown' initializing.
D, [2020-11-14T11:00:13.520384 #21977] DEBUG -- : MONGODB | There was a change in the members of the 'Unknown' topology.
D, [2020-11-14T11:00:13.520679 #21977] DEBUG -- : MONGODB | Server rocklov-db:27017 initializing.
D, [2020-11-14T11:00:13.521016 #21977] DEBUG -- : MONGODB | Waiting for up to 30.00 seconds for servers to be scanned: #<Cluster topology=Unknown[rocklov-db:27017] servers=[#<Server address=rocklov-db:27017 UNKNOWN>]>
D, [2020-11-14T11:00:13.528206 #21977] DEBUG -- : MONGODB | Server description for rocklov-db:27017 changed from 'unknown' to 'standalone'.
D, [2020-11-14T11:00:13.528446 #21977] DEBUG -- : MONGODB | Topology type 'Unknown' changed to type 'Single'.
D, [2020-11-14T11:00:13.535096 #21977] DEBUG -- : MONGODB | Server description for rocklov-db:27017 changed from 'standalone' to 'standalone'.
D, [2020-11-14T11:00:13.535230 #21977] DEBUG -- : MONGODB | There was a change in the members of the 'Single' topology.
D, [2020-11-14T11:00:13.535935 #21977] DEBUG -- : MONGODB | rocklov-db:27017 req:7 conn:1:1 sconn:50 | rocklov.delete | STARTED | {"delete"=>"users", "ordered"=>true, "deletes"=>[{"q"=>{"email"=>"tamara@gmail.com"}, "limit"=>0}], "$db"=>"rocklov", "lsid"=>{"id"=><BSON::Binary:0x4560 type=uuid data=0x2115c1503fed44a6...>}}
D, [2020-11-14T11:00:13.537785 #21977] DEBUG -- : MONGODB | rocklov-db:27017 req:7 | rocklov.delete | SUCCEEDED | 0.002s
D, [2020-11-14T11:00:14.628851 #21977] DEBUG -- : MONGODB | Topology type 'unknown' initializing.
D, [2020-11-14T11:00:14.629263 #21977] DEBUG -- : MONGODB | There was a change in the members of the 'Unknown' topology.
D, [2020-11-14T11:00:14.629386 #21977] DEBUG -- : MONGODB | Server rocklov-db:27017 initializing.
D, [2020-11-14T11:00:14.629714 #21977] DEBUG -- : MONGODB | Waiting for up to 30.00 seconds for servers to be scanned: #<Cluster topology=Unknown[rocklov-db:27017] servers=[#<Server address=rocklov-db:27017 UNKNOWN>]>
D, [2020-11-14T11:00:14.636666 #21977] DEBUG -- : MONGODB | Server description for rocklov-db:27017 changed from 'unknown' to 'standalone'.
D, [2020-11-14T11:00:14.636905 #21977] DEBUG -- : MONGODB | Topology type 'Unknown' changed to type 'Single'.
D, [2020-11-14T11:00:14.642983 #21977] DEBUG -- : MONGODB | Server description for rocklov-db:27017 changed from 'standalone' to 'standalone'.
D, [2020-11-14T11:00:14.643141 #21977] DEBUG -- : MONGODB | There was a change in the members of the 'Single' topology.
D, [2020-11-14T11:00:14.643741 #21977] DEBUG -- : MONGODB | rocklov-db:27017 req:10 conn:1:1 sconn:53 | rocklov.delete | STARTED | {"delete"=>"users", "ordered"=>true, "deletes"=>[{"q"=>{"email"=>"tamara@gmail.com"}, "limit"=>0}], "$db"=>"rocklov", "lsid"=>{"id"=><BSON::Binary:0x4680 type=uuid data=0xf555b28f2c394843...>}}
D, [2020-11-14T11:00:14.646000 #21977] DEBUG -- : MONGODB | rocklov-db:27017 req:10 | rocklov.delete | SUCCEEDED | 0.002s
D, [2020-11-14T11:00:15.214957 #21977] DEBUG -- : MONGODB | Topology type 'unknown' initializing.
D, [2020-11-14T11:00:15.215210 #21977] DEBUG -- : MONGODB | There was a change in the members of the 'Unknown' topology.
D, [2020-11-14T11:00:15.215316 #21977] DEBUG -- : MONGODB | Server rocklov-db:27017 initializing.
D, [2020-11-14T11:00:15.215523 #21977] DEBUG -- : MONGODB | Waiting for up to 30.00 seconds for servers to be scanned: #<Cluster topology=Unknown[rocklov-db:27017] servers=[#<Server address=rocklov-db:27017 UNKNOWN>]>
D, [2020-11-14T11:00:15.222351 #21977] DEBUG -- : MONGODB | Server description for rocklov-db:27017 changed from 'unknown' to 'standalone'.
D, [2020-11-14T11:00:15.222571 #21977] DEBUG -- : MONGODB | Topology type 'Unknown' changed to type 'Single'.
D, [2020-11-14T11:00:15.228937 #21977] DEBUG -- : MONGODB | Server description for rocklov-db:27017 changed from 'standalone' to 'standalone'.
D, [2020-11-14T11:00:15.229086 #21977] DEBUG -- : MONGODB | There was a change in the members of the 'Single' topology.
D, [2020-11-14T11:00:15.229536 #21977] DEBUG -- : MONGODB | rocklov-db:27017 req:13 conn:1:1 sconn:55 | rocklov.delete | STARTED | {"delete"=>"users", "ordered"=>true, "deletes"=>[{"q"=>{"email"=>""}, "limit"=>0}], "$db"=>"rocklov", "lsid"=>{"id"=><BSON::Binary:0x5220 type=uuid data=0xd5ca44bbb29e4713...>}}
D, [2020-11-14T11:00:15.231825 #21977] DEBUG -- : MONGODB | rocklov-db:27017 req:13 | rocklov.delete | SUCCEEDED | 0.002s
D, [2020-11-14T11:00:15.787888 #21977] DEBUG -- : MONGODB | Topology type 'unknown' initializing.
D, [2020-11-14T11:00:15.788121 #21977] DEBUG -- : MONGODB | There was a change in the members of the 'Unknown' topology.
D, [2020-11-14T11:00:15.788255 #21977] DEBUG -- : MONGODB | Server rocklov-db:27017 initializing.
D, [2020-11-14T11:00:15.788541 #21977] DEBUG -- : MONGODB | Waiting for up to 30.00 seconds for servers to be scanned: #<Cluster topology=Unknown[rocklov-db:27017] servers=[#<Server address=rocklov-db:27017 UNKNOWN>]>
D, [2020-11-14T11:00:15.795520 #21977] DEBUG -- : MONGODB | Server description for rocklov-db:27017 changed from 'unknown' to 'standalone'.
D, [2020-11-14T11:00:15.795754 #21977] DEBUG -- : MONGODB | Topology type 'Unknown' changed to type 'Single'.
D, [2020-11-14T11:00:15.802243 #21977] DEBUG -- : MONGODB | Server description for rocklov-db:27017 changed from 'standalone' to 'standalone'.
D, [2020-11-14T11:00:15.802475 #21977] DEBUG -- : MONGODB | There was a change in the members of the 'Single' topology.
D, [2020-11-14T11:00:15.803094 #21977] DEBUG -- : MONGODB | rocklov-db:27017 req:16 conn:1:1 sconn:57 | rocklov.delete | STARTED | {"delete"=>"users", "ordered"=>true, "deletes"=>[{"q"=>{"email"=>"tamara*gmail.com"}, "limit"=>0}], "$db"=>"rocklov", "lsid"=>{"id"=><BSON::Binary:0x5340 type=uuid data=0x27e7c56b428d4899...>}}
D, [2020-11-14T11:00:15.805634 #21977] DEBUG -- : MONGODB | rocklov-db:27017 req:16 | rocklov.delete | SUCCEEDED | 0.002s
D, [2020-11-14T11:00:16.097072 #21977] DEBUG -- : MONGODB | Topology type 'unknown' initializing.
D, [2020-11-14T11:00:16.097299 #21977] DEBUG -- : MONGODB | There was a change in the members of the 'Unknown' topology.
D, [2020-11-14T11:00:16.097398 #21977] DEBUG -- : MONGODB | Server rocklov-db:27017 initializing.
D, [2020-11-14T11:00:16.097587 #21977] DEBUG -- : MONGODB | Waiting for up to 30.00 seconds for servers to be scanned: #<Cluster topology=Unknown[rocklov-db:27017] servers=[#<Server address=rocklov-db:27017 UNKNOWN>]>
D, [2020-11-14T11:00:16.104136 #21977] DEBUG -- : MONGODB | Server description for rocklov-db:27017 changed from 'unknown' to 'standalone'.
D, [2020-11-14T11:00:16.104325 #21977] DEBUG -- : MONGODB | Topology type 'Unknown' changed to type 'Single'.
D, [2020-11-14T11:00:16.110674 #21977] DEBUG -- : MONGODB | Server description for rocklov-db:27017 changed from 'standalone' to 'standalone'.
D, [2020-11-14T11:00:16.110772 #21977] DEBUG -- : MONGODB | There was a change in the members of the 'Single' topology.
D, [2020-11-14T11:00:16.111163 #21977] DEBUG -- : MONGODB | rocklov-db:27017 req:19 conn:1:1 sconn:59 | rocklov.delete | STARTED | {"delete"=>"users", "ordered"=>true, "deletes"=>[{"q"=>{"email"=>"tamaragmail.com"}, "limit"=>0}], "$db"=>"rocklov", "lsid"=>{"id"=><BSON::Binary:0x5460 type=uuid data=0xc188d13f0ca74671...>}}
D, [2020-11-14T11:00:16.113234 #21977] DEBUG -- : MONGODB | rocklov-db:27017 req:19 | rocklov.delete | SUCCEEDED | 0.002s
D, [2020-11-14T11:00:16.836967 #21977] DEBUG -- : MONGODB | Topology type 'unknown' initializing.
D, [2020-11-14T11:00:16.837231 #21977] DEBUG -- : MONGODB | There was a change in the members of the 'Unknown' topology.
D, [2020-11-14T11:00:16.837307 #21977] DEBUG -- : MONGODB | Server rocklov-db:27017 initializing.
D, [2020-11-14T11:00:16.837514 #21977] DEBUG -- : MONGODB | Waiting for up to 30.00 seconds for servers to be scanned: #<Cluster topology=Unknown[rocklov-db:27017] servers=[#<Server address=rocklov-db:27017 UNKNOWN>]>
D, [2020-11-14T11:00:16.844173 #21977] DEBUG -- : MONGODB | Server description for rocklov-db:27017 changed from 'unknown' to 'standalone'.
D, [2020-11-14T11:00:16.844357 #21977] DEBUG -- : MONGODB | Topology type 'Unknown' changed to type 'Single'.
D, [2020-11-14T11:00:16.850521 #21977] DEBUG -- : MONGODB | Server description for rocklov-db:27017 changed from 'standalone' to 'standalone'.
D, [2020-11-14T11:00:16.850650 #21977] DEBUG -- : MONGODB | There was a change in the members of the 'Single' topology.
D, [2020-11-14T11:00:16.851100 #21977] DEBUG -- : MONGODB | rocklov-db:27017 req:22 conn:1:1 sconn:61 | rocklov.delete | STARTED | {"delete"=>"users", "ordered"=>true, "deletes"=>[{"q"=>{"email"=>"tamara@gmail.com"}, "limit"=>0}], "$db"=>"rocklov", "lsid"=>{"id"=><BSON::Binary:0x5580 type=uuid data=0x1fe9e572c81245a1...>}}
D, [2020-11-14T11:00:16.853844 #21977] DEBUG -- : MONGODB | rocklov-db:27017 req:22 | rocklov.delete | SUCCEEDED | 0.003s
D, [2020-11-14T11:00:17.302247 #21977] DEBUG -- : MONGODB | Server description for rocklov-db:27017 changed from 'standalone' to 'standalone'.
D, [2020-11-14T11:00:17.302443 #21977] DEBUG -- : MONGODB | There was a change in the members of the 'Single' topology.
D, [2020-11-14T11:00:17.302900 #21977] DEBUG -- : MONGODB | rocklov-db:27017 req:24 conn:1:2 sconn:62 | admin.endSessions | STARTED | {"endSessions"=>[{"id"=><BSON::Binary:0x5580 type=uuid data=0x1fe9e572c81245a1...>}], "$db"=>"admin"}
D, [2020-11-14T11:00:17.304881 #21977] DEBUG -- : MONGODB | rocklov-db:27017 req:24 | admin.endSessions | SUCCEEDED | 0.002s
D, [2020-11-14T11:00:17.310906 #21977] DEBUG -- : MONGODB | Server description for rocklov-db:27017 changed from 'standalone' to 'standalone'.
D, [2020-11-14T11:00:17.311070 #21977] DEBUG -- : MONGODB | There was a change in the members of the 'Single' topology.
D, [2020-11-14T11:00:17.311453 #21977] DEBUG -- : MONGODB | rocklov-db:27017 req:26 conn:1:2 sconn:63 | admin.endSessions | STARTED | {"endSessions"=>[{"id"=><BSON::Binary:0x5460 type=uuid data=0xc188d13f0ca74671...>}], "$db"=>"admin"}
D, [2020-11-14T11:00:17.313293 #21977] DEBUG -- : MONGODB | rocklov-db:27017 req:26 | admin.endSessions | SUCCEEDED | 0.002s
D, [2020-11-14T11:00:17.319188 #21977] DEBUG -- : MONGODB | Server description for rocklov-db:27017 changed from 'standalone' to 'standalone'.
D, [2020-11-14T11:00:17.319328 #21977] DEBUG -- : MONGODB | There was a change in the members of the 'Single' topology.
D, [2020-11-14T11:00:17.319596 #21977] DEBUG -- : MONGODB | rocklov-db:27017 req:28 conn:1:2 sconn:64 | admin.endSessions | STARTED | {"endSessions"=>[{"id"=><BSON::Binary:0x5340 type=uuid data=0x27e7c56b428d4899...>}], "$db"=>"admin"}
D, [2020-11-14T11:00:17.321382 #21977] DEBUG -- : MONGODB | rocklov-db:27017 req:28 | admin.endSessions | SUCCEEDED | 0.002s
D, [2020-11-14T11:00:17.327442 #21977] DEBUG -- : MONGODB | Server description for rocklov-db:27017 changed from 'standalone' to 'standalone'.
D, [2020-11-14T11:00:17.327580 #21977] DEBUG -- : MONGODB | There was a change in the members of the 'Single' topology.
D, [2020-11-14T11:00:17.327893 #21977] DEBUG -- : MONGODB | rocklov-db:27017 req:30 conn:1:2 sconn:65 | admin.endSessions | STARTED | {"endSessions"=>[{"id"=><BSON::Binary:0x5220 type=uuid data=0xd5ca44bbb29e4713...>}], "$db"=>"admin"}
D, [2020-11-14T11:00:17.329620 #21977] DEBUG -- : MONGODB | rocklov-db:27017 req:30 | admin.endSessions | SUCCEEDED | 0.002s
D, [2020-11-14T11:00:17.335435 #21977] DEBUG -- : MONGODB | Server description for rocklov-db:27017 changed from 'standalone' to 'standalone'.
D, [2020-11-14T11:00:17.335614 #21977] DEBUG -- : MONGODB | There was a change in the members of the 'Single' topology.
D, [2020-11-14T11:00:17.335907 #21977] DEBUG -- : MONGODB | rocklov-db:27017 req:32 conn:1:2 sconn:66 | admin.endSessions | STARTED | {"endSessions"=>[{"id"=><BSON::Binary:0x4680 type=uuid data=0xf555b28f2c394843...>}], "$db"=>"admin"}
D, [2020-11-14T11:00:17.337347 #21977] DEBUG -- : MONGODB | rocklov-db:27017 req:32 | admin.endSessions | SUCCEEDED | 0.001s
D, [2020-11-14T11:00:17.342580 #21977] DEBUG -- : MONGODB | Server description for rocklov-db:27017 changed from 'standalone' to 'standalone'.
D, [2020-11-14T11:00:17.342711 #21977] DEBUG -- : MONGODB | There was a change in the members of the 'Single' topology.
D, [2020-11-14T11:00:17.343001 #21977] DEBUG -- : MONGODB | rocklov-db:27017 req:34 conn:1:2 sconn:67 | admin.endSessions | STARTED | {"endSessions"=>[{"id"=><BSON::Binary:0x4560 type=uuid data=0x2115c1503fed44a6...>}], "$db"=>"admin"}
D, [2020-11-14T11:00:17.344668 #21977] DEBUG -- : MONGODB | rocklov-db:27017 req:34 | admin.endSessions | SUCCEEDED | 0.002s
D, [2020-11-14T12:02:16.912201 #23571] DEBUG -- : MONGODB | Topology type 'unknown' initializing.
D, [2020-11-14T12:02:16.912930 #23571] DEBUG -- : MONGODB | There was a change in the members of the 'Unknown' topology.
D, [2020-11-14T12:02:16.913208 #23571] DEBUG -- : MONGODB | Server rocklov-db:27017 initializing.
D, [2020-11-14T12:02:16.913666 #23571] DEBUG -- : MONGODB | Waiting for up to 30.00 seconds for servers to be scanned: #<Cluster topology=Unknown[rocklov-db:27017] servers=[#<Server address=rocklov-db:27017 UNKNOWN>]>
D, [2020-11-14T12:02:16.921201 #23571] DEBUG -- : MONGODB | Server description for rocklov-db:27017 changed from 'unknown' to 'standalone'.
D, [2020-11-14T12:02:16.921582 #23571] DEBUG -- : MONGODB | Topology type 'Unknown' changed to type 'Single'.
D, [2020-11-14T12:02:16.928027 #23571] DEBUG -- : MONGODB | Server description for rocklov-db:27017 changed from 'standalone' to 'standalone'.
D, [2020-11-14T12:02:16.928145 #23571] DEBUG -- : MONGODB | There was a change in the members of the 'Single' topology.
D, [2020-11-14T12:02:16.928817 #23571] DEBUG -- : MONGODB | rocklov-db:27017 req:7 conn:1:1 sconn:72 | rocklov.delete | STARTED | {"delete"=>"users", "ordered"=>true, "deletes"=>[{"q"=>{"email"=>"tamara@gmail.com"}, "limit"=>0}], "$db"=>"rocklov", "lsid"=>{"id"=><BSON::Binary:0x4560 type=uuid data=0x2296d42c48b345db...>}}
D, [2020-11-14T12:02:16.931035 #23571] DEBUG -- : MONGODB | rocklov-db:27017 req:7 | rocklov.delete | SUCCEEDED | 0.002s
D, [2020-11-14T12:02:17.780607 #23571] DEBUG -- : MONGODB | Topology type 'unknown' initializing.
D, [2020-11-14T12:02:17.780931 #23571] DEBUG -- : MONGODB | There was a change in the members of the 'Unknown' topology.
D, [2020-11-14T12:02:17.781074 #23571] DEBUG -- : MONGODB | Server rocklov-db:27017 initializing.
D, [2020-11-14T12:02:17.781303 #23571] DEBUG -- : MONGODB | Waiting for up to 30.00 seconds for servers to be scanned: #<Cluster topology=Unknown[rocklov-db:27017] servers=[#<Server address=rocklov-db:27017 UNKNOWN>]>
D, [2020-11-14T12:02:17.787425 #23571] DEBUG -- : MONGODB | Server description for rocklov-db:27017 changed from 'unknown' to 'standalone'.
D, [2020-11-14T12:02:17.787701 #23571] DEBUG -- : MONGODB | Topology type 'Unknown' changed to type 'Single'.
D, [2020-11-14T12:02:17.794511 #23571] DEBUG -- : MONGODB | Server description for rocklov-db:27017 changed from 'standalone' to 'standalone'.
D, [2020-11-14T12:02:17.794642 #23571] DEBUG -- : MONGODB | There was a change in the members of the 'Single' topology.
D, [2020-11-14T12:02:17.795090 #23571] DEBUG -- : MONGODB | rocklov-db:27017 req:10 conn:1:1 sconn:74 | rocklov.delete | STARTED | {"delete"=>"users", "ordered"=>true, "deletes"=>[{"q"=>{"email"=>"tamara@gmail.com"}, "limit"=>0}], "$db"=>"rocklov", "lsid"=>{"id"=><BSON::Binary:0x4680 type=uuid data=0xe89d7883e9cb49a0...>}}
D, [2020-11-14T12:02:17.798025 #23571] DEBUG -- : MONGODB | rocklov-db:27017 req:10 | rocklov.delete | SUCCEEDED | 0.003s
D, [2020-11-14T12:02:18.371882 #23571] DEBUG -- : MONGODB | Topology type 'unknown' initializing.
D, [2020-11-14T12:02:18.372151 #23571] DEBUG -- : MONGODB | There was a change in the members of the 'Unknown' topology.
D, [2020-11-14T12:02:18.372257 #23571] DEBUG -- : MONGODB | Server rocklov-db:27017 initializing.
D, [2020-11-14T12:02:18.372496 #23571] DEBUG -- : MONGODB | Waiting for up to 30.00 seconds for servers to be scanned: #<Cluster topology=Unknown[rocklov-db:27017] servers=[#<Server address=rocklov-db:27017 UNKNOWN>]>
D, [2020-11-14T12:02:18.379357 #23571] DEBUG -- : MONGODB | Server description for rocklov-db:27017 changed from 'unknown' to 'standalone'.
D, [2020-11-14T12:02:18.379576 #23571] DEBUG -- : MONGODB | Topology type 'Unknown' changed to type 'Single'.
D, [2020-11-14T12:02:18.385874 #23571] DEBUG -- : MONGODB | Server description for rocklov-db:27017 changed from 'standalone' to 'standalone'.
D, [2020-11-14T12:02:18.386018 #23571] DEBUG -- : MONGODB | There was a change in the members of the 'Single' topology.
D, [2020-11-14T12:02:18.386474 #23571] DEBUG -- : MONGODB | rocklov-db:27017 req:13 conn:1:1 sconn:76 | rocklov.delete | STARTED | {"delete"=>"users", "ordered"=>true, "deletes"=>[{"q"=>{"email"=>""}, "limit"=>0}], "$db"=>"rocklov", "lsid"=>{"id"=><BSON::Binary:0x5220 type=uuid data=0xa376725ce5fd40c8...>}}
D, [2020-11-14T12:02:18.388837 #23571] DEBUG -- : MONGODB | rocklov-db:27017 req:13 | rocklov.delete | SUCCEEDED | 0.002s
D, [2020-11-14T12:02:18.699877 #23571] DEBUG -- : MONGODB | Topology type 'unknown' initializing.
D, [2020-11-14T12:02:18.700075 #23571] DEBUG -- : MONGODB | There was a change in the members of the 'Unknown' topology.
D, [2020-11-14T12:02:18.700159 #23571] DEBUG -- : MONGODB | Server rocklov-db:27017 initializing.
D, [2020-11-14T12:02:18.700407 #23571] DEBUG -- : MONGODB | Waiting for up to 30.00 seconds for servers to be scanned: #<Cluster topology=Unknown[rocklov-db:27017] servers=[#<Server address=rocklov-db:27017 UNKNOWN>]>
D, [2020-11-14T12:02:18.706759 #23571] DEBUG -- : MONGODB | Server description for rocklov-db:27017 changed from 'unknown' to 'standalone'.
D, [2020-11-14T12:02:18.706971 #23571] DEBUG -- : MONGODB | Topology type 'Unknown' changed to type 'Single'.
D, [2020-11-14T12:02:18.712617 #23571] DEBUG -- : MONGODB | Server description for rocklov-db:27017 changed from 'standalone' to 'standalone'.
D, [2020-11-14T12:02:18.712713 #23571] DEBUG -- : MONGODB | There was a change in the members of the 'Single' topology.
D, [2020-11-14T12:02:18.713155 #23571] DEBUG -- : MONGODB | rocklov-db:27017 req:16 conn:1:1 sconn:78 | rocklov.delete | STARTED | {"delete"=>"users", "ordered"=>true, "deletes"=>[{"q"=>{"email"=>"tamara*gmail.com"}, "limit"=>0}], "$db"=>"rocklov", "lsid"=>{"id"=><BSON::Binary:0x5340 type=uuid data=0x16a9226a2c51445c...>}}
D, [2020-11-14T12:02:18.715184 #23571] DEBUG -- : MONGODB | rocklov-db:27017 req:16 | rocklov.delete | SUCCEEDED | 0.002s
D, [2020-11-14T12:02:19.461812 #23571] DEBUG -- : MONGODB | Topology type 'unknown' initializing.
D, [2020-11-14T12:02:19.462068 #23571] DEBUG -- : MONGODB | There was a change in the members of the 'Unknown' topology.
D, [2020-11-14T12:02:19.462223 #23571] DEBUG -- : MONGODB | Server rocklov-db:27017 initializing.
D, [2020-11-14T12:02:19.462619 #23571] DEBUG -- : MONGODB | Waiting for up to 30.00 seconds for servers to be scanned: #<Cluster topology=Unknown[rocklov-db:27017] servers=[#<Server address=rocklov-db:27017 UNKNOWN>]>
D, [2020-11-14T12:02:19.468326 #23571] DEBUG -- : MONGODB | Server description for rocklov-db:27017 changed from 'unknown' to 'standalone'.
D, [2020-11-14T12:02:19.468535 #23571] DEBUG -- : MONGODB | Topology type 'Unknown' changed to type 'Single'.
D, [2020-11-14T12:02:19.474775 #23571] DEBUG -- : MONGODB | Server description for rocklov-db:27017 changed from 'standalone' to 'standalone'.
D, [2020-11-14T12:02:19.474886 #23571] DEBUG -- : MONGODB | There was a change in the members of the 'Single' topology.
D, [2020-11-14T12:02:19.475304 #23571] DEBUG -- : MONGODB | rocklov-db:27017 req:19 conn:1:1 sconn:80 | rocklov.delete | STARTED | {"delete"=>"users", "ordered"=>true, "deletes"=>[{"q"=>{"email"=>"tamaragmail.com"}, "limit"=>0}], "$db"=>"rocklov", "lsid"=>{"id"=><BSON::Binary:0x5460 type=uuid data=0xeab2ad3056f94cd6...>}}
D, [2020-11-14T12:02:19.477684 #23571] DEBUG -- : MONGODB | rocklov-db:27017 req:19 | rocklov.delete | SUCCEEDED | 0.002s
D, [2020-11-14T12:02:20.011124 #23571] DEBUG -- : MONGODB | Topology type 'unknown' initializing.
D, [2020-11-14T12:02:20.011382 #23571] DEBUG -- : MONGODB | There was a change in the members of the 'Unknown' topology.
D, [2020-11-14T12:02:20.011512 #23571] DEBUG -- : MONGODB | Server rocklov-db:27017 initializing.
D, [2020-11-14T12:02:20.011859 #23571] DEBUG -- : MONGODB | Waiting for up to 30.00 seconds for servers to be scanned: #<Cluster topology=Unknown[rocklov-db:27017] servers=[#<Server address=rocklov-db:27017 UNKNOWN>]>
D, [2020-11-14T12:02:20.018267 #23571] DEBUG -- : MONGODB | Server description for rocklov-db:27017 changed from 'unknown' to 'standalone'.
D, [2020-11-14T12:02:20.018501 #23571] DEBUG -- : MONGODB | Topology type 'Unknown' changed to type 'Single'.
D, [2020-11-14T12:02:20.025131 #23571] DEBUG -- : MONGODB | Server description for rocklov-db:27017 changed from 'standalone' to 'standalone'.
D, [2020-11-14T12:02:20.025237 #23571] DEBUG -- : MONGODB | There was a change in the members of the 'Single' topology.
D, [2020-11-14T12:02:20.025624 #23571] DEBUG -- : MONGODB | rocklov-db:27017 req:22 conn:1:1 sconn:82 | rocklov.delete | STARTED | {"delete"=>"users", "ordered"=>true, "deletes"=>[{"q"=>{"email"=>"tamara@gmail.com"}, "limit"=>0}], "$db"=>"rocklov", "lsid"=>{"id"=><BSON::Binary:0x5580 type=uuid data=0x489afbede1ac4d05...>}}
D, [2020-11-14T12:02:20.028287 #23571] DEBUG -- : MONGODB | rocklov-db:27017 req:22 | rocklov.delete | SUCCEEDED | 0.003s
D, [2020-11-14T12:02:23.509085 #23571] DEBUG -- : MONGODB | Server description for rocklov-db:27017 changed from 'standalone' to 'standalone'.
D, [2020-11-14T12:02:23.509246 #23571] DEBUG -- : MONGODB | There was a change in the members of the 'Single' topology.
D, [2020-11-14T12:02:23.509564 #23571] DEBUG -- : MONGODB | rocklov-db:27017 req:24 conn:1:2 sconn:83 | admin.endSessions | STARTED | {"endSessions"=>[{"id"=><BSON::Binary:0x5580 type=uuid data=0x489afbede1ac4d05...>}], "$db"=>"admin"}
D, [2020-11-14T12:02:23.511541 #23571] DEBUG -- : MONGODB | rocklov-db:27017 req:24 | admin.endSessions | SUCCEEDED | 0.002s
D, [2020-11-14T12:02:23.517633 #23571] DEBUG -- : MONGODB | Server description for rocklov-db:27017 changed from 'standalone' to 'standalone'.
D, [2020-11-14T12:02:23.517758 #23571] DEBUG -- : MONGODB | There was a change in the members of the 'Single' topology.
D, [2020-11-14T12:02:23.518029 #23571] DEBUG -- : MONGODB | rocklov-db:27017 req:26 conn:1:2 sconn:84 | admin.endSessions | STARTED | {"endSessions"=>[{"id"=><BSON::Binary:0x5460 type=uuid data=0xeab2ad3056f94cd6...>}], "$db"=>"admin"}
D, [2020-11-14T12:02:23.519952 #23571] DEBUG -- : MONGODB | rocklov-db:27017 req:26 | admin.endSessions | SUCCEEDED | 0.002s
D, [2020-11-14T12:02:23.525960 #23571] DEBUG -- : MONGODB | Server description for rocklov-db:27017 changed from 'standalone' to 'standalone'.
D, [2020-11-14T12:02:23.526096 #23571] DEBUG -- : MONGODB | There was a change in the members of the 'Single' topology.
D, [2020-11-14T12:02:23.526369 #23571] DEBUG -- : MONGODB | rocklov-db:27017 req:28 conn:1:2 sconn:85 | admin.endSessions | STARTED | {"endSessions"=>[{"id"=><BSON::Binary:0x5340 type=uuid data=0x16a9226a2c51445c...>}], "$db"=>"admin"}
D, [2020-11-14T12:02:23.528134 #23571] DEBUG -- : MONGODB | rocklov-db:27017 req:28 | admin.endSessions | SUCCEEDED | 0.002s
D, [2020-11-14T12:02:23.532986 #23571] DEBUG -- : MONGODB | Server description for rocklov-db:27017 changed from 'standalone' to 'standalone'.
D, [2020-11-14T12:02:23.533086 #23571] DEBUG -- : MONGODB | There was a change in the members of the 'Single' topology.
D, [2020-11-14T12:02:23.533305 #23571] DEBUG -- : MONGODB | rocklov-db:27017 req:30 conn:1:2 sconn:86 | admin.endSessions | STARTED | {"endSessions"=>[{"id"=><BSON::Binary:0x5220 type=uuid data=0xa376725ce5fd40c8...>}], "$db"=>"admin"}
D, [2020-11-14T12:02:23.534840 #23571] DEBUG -- : MONGODB | rocklov-db:27017 req:30 | admin.endSessions | SUCCEEDED | 0.001s
D, [2020-11-14T12:02:23.540137 #23571] DEBUG -- : MONGODB | Server description for rocklov-db:27017 changed from 'standalone' to 'standalone'.
D, [2020-11-14T12:02:23.540265 #23571] DEBUG -- : MONGODB | There was a change in the members of the 'Single' topology.
D, [2020-11-14T12:02:23.540541 #23571] DEBUG -- : MONGODB | rocklov-db:27017 req:32 conn:1:2 sconn:87 | admin.endSessions | STARTED | {"endSessions"=>[{"id"=><BSON::Binary:0x4680 type=uuid data=0xe89d7883e9cb49a0...>}], "$db"=>"admin"}
D, [2020-11-14T12:02:23.541951 #23571] DEBUG -- : MONGODB | rocklov-db:27017 req:32 | admin.endSessions | SUCCEEDED | 0.001s
D, [2020-11-14T12:02:23.547411 #23571] DEBUG -- : MONGODB | Server description for rocklov-db:27017 changed from 'standalone' to 'standalone'.
D, [2020-11-14T12:02:23.547546 #23571] DEBUG -- : MONGODB | There was a change in the members of the 'Single' topology.
D, [2020-11-14T12:02:23.547832 #23571] DEBUG -- : MONGODB | rocklov-db:27017 req:34 conn:1:2 sconn:88 | admin.endSessions | STARTED | {"endSessions"=>[{"id"=><BSON::Binary:0x4560 type=uuid data=0x2296d42c48b345db...>}], "$db"=>"admin"}
D, [2020-11-14T12:02:23.549340 #23571] DEBUG -- : MONGODB | rocklov-db:27017 req:34 | admin.endSessions | SUCCEEDED | 0.001s
D, [2020-11-21T10:42:31.523443 #53051] DEBUG -- : MONGODB | Topology type 'unknown' initializing.
D, [2020-11-21T10:42:31.525792 #53051] DEBUG -- : MONGODB | There was a change in the members of the 'Unknown' topology.
D, [2020-11-21T10:42:31.526166 #53051] DEBUG -- : MONGODB | Server rocklov-db:27017 initializing.
D, [2020-11-21T10:42:31.526632 #53051] DEBUG -- : MONGODB | Waiting for up to 30.00 seconds for servers to be scanned: #<Cluster topology=Unknown[rocklov-db:27017] servers=[#<Server address=rocklov-db:27017 UNKNOWN>]>
D, [2020-11-21T10:42:31.533425 #53051] DEBUG -- : MONGODB | Server description for rocklov-db:27017 changed from 'unknown' to 'standalone'.
D, [2020-11-21T10:42:31.533716 #53051] DEBUG -- : MONGODB | Topology type 'Unknown' changed to type 'Single'.
D, [2020-11-21T10:42:31.540662 #53051] DEBUG -- : MONGODB | Server description for rocklov-db:27017 changed from 'standalone' to 'standalone'.
D, [2020-11-21T10:42:31.540799 #53051] DEBUG -- : MONGODB | There was a change in the members of the 'Single' topology.
D, [2020-11-21T10:42:31.541595 #53051] DEBUG -- : MONGODB | rocklov-db:27017 req:7 conn:1:1 sconn:109 | rocklov.delete | STARTED | {"delete"=>"equipos", "ordered"=>true, "deletes"=>[{"q"=>{"name"=>"Fender Strato"}, "limit"=>0}], "$db"=>"rocklov", "lsid"=>{"id"=><BSON::Binary:0x4540 type=uuid data=0x6dad2389cfe648c8...>}}
D, [2020-11-21T10:42:31.543878 #53051] DEBUG -- : MONGODB | rocklov-db:27017 req:7 | rocklov.delete | SUCCEEDED | 0.002s
D, [2020-11-21T10:42:32.174409 #53051] DEBUG -- : MONGODB | Server description for rocklov-db:27017 changed from 'standalone' to 'standalone'.
D, [2020-11-21T10:42:32.174579 #53051] DEBUG -- : MONGODB | There was a change in the members of the 'Single' topology.
D, [2020-11-21T10:42:32.174918 #53051] DEBUG -- : MONGODB | rocklov-db:27017 req:9 conn:1:2 sconn:110 | admin.endSessions | STARTED | {"endSessions"=>[{"id"=><BSON::Binary:0x4540 type=uuid data=0x6dad2389cfe648c8...>}], "$db"=>"admin"}
D, [2020-11-21T10:42:32.176663 #53051] DEBUG -- : MONGODB | rocklov-db:27017 req:9 | admin.endSessions | SUCCEEDED | 0.002s
D, [2020-11-21T10:43:42.980988 #53101] DEBUG -- : MONGODB | Topology type 'unknown' initializing.
D, [2020-11-21T10:43:42.981331 #53101] DEBUG -- : MONGODB | There was a change in the members of the 'Unknown' topology.
D, [2020-11-21T10:43:42.981540 #53101] DEBUG -- : MONGODB | Server rocklov-db:27017 initializing.
D, [2020-11-21T10:43:42.981792 #53101] DEBUG -- : MONGODB | Waiting for up to 30.00 seconds for servers to be scanned: #<Cluster topology=Unknown[rocklov-db:27017] servers=[#<Server address=rocklov-db:27017 UNKNOWN>]>
D, [2020-11-21T10:43:42.990196 #53101] DEBUG -- : MONGODB | Server description for rocklov-db:27017 changed from 'unknown' to 'standalone'.
D, [2020-11-21T10:43:42.990465 #53101] DEBUG -- : MONGODB | Topology type 'Unknown' changed to type 'Single'.
D, [2020-11-21T10:43:42.996178 #53101] DEBUG -- : MONGODB | Server description for rocklov-db:27017 changed from 'standalone' to 'standalone'.
D, [2020-11-21T10:43:42.996295 #53101] DEBUG -- : MONGODB | There was a change in the members of the 'Single' topology.
D, [2020-11-21T10:43:42.997038 #53101] DEBUG -- : MONGODB | rocklov-db:27017 req:7 conn:1:1 sconn:112 | rocklov.delete | STARTED | {"delete"=>"equipos", "ordered"=>true, "deletes"=>[{"q"=>{"name"=>"Fender Strato"}, "limit"=>0}], "$db"=>"rocklov", "lsid"=>{"id"=><BSON::Binary:0x4540 type=uuid data=0x9146777a2651435e...>}}
D, [2020-11-21T10:43:42.999096 #53101] DEBUG -- : MONGODB | rocklov-db:27017 req:7 | rocklov.delete | SUCCEEDED | 0.002s
D, [2020-11-21T10:43:43.583005 #53101] DEBUG -- : MONGODB | Server description for rocklov-db:27017 changed from 'standalone' to 'standalone'.
D, [2020-11-21T10:43:43.583138 #53101] DEBUG -- : MONGODB | There was a change in the members of the 'Single' topology.
D, [2020-11-21T10:43:43.583427 #53101] DEBUG -- : MONGODB | rocklov-db:27017 req:9 conn:1:2 sconn:113 | admin.endSessions | STARTED | {"endSessions"=>[{"id"=><BSON::Binary:0x4540 type=uuid data=0x9146777a2651435e...>}], "$db"=>"admin"}
D, [2020-11-21T10:43:43.585094 #53101] DEBUG -- : MONGODB | rocklov-db:27017 req:9 | admin.endSessions | SUCCEEDED | 0.002s
D, [2020-11-21T10:53:00.182147 #53216] DEBUG -- : MONGODB | Topology type 'unknown' initializing.
D, [2020-11-21T10:53:00.182435 #53216] DEBUG -- : MONGODB | There was a change in the members of the 'Unknown' topology.
D, [2020-11-21T10:53:00.182588 #53216] DEBUG -- : MONGODB | Server rocklov-db:27017 initializing.
D, [2020-11-21T10:53:00.182852 #53216] DEBUG -- : MONGODB | Waiting for up to 30.00 seconds for servers to be scanned: #<Cluster topology=Unknown[rocklov-db:27017] servers=[#<Server address=rocklov-db:27017 UNKNOWN>]>
D, [2020-11-21T10:53:00.189998 #53216] DEBUG -- : MONGODB | Server description for rocklov-db:27017 changed from 'unknown' to 'standalone'.
D, [2020-11-21T10:53:00.190192 #53216] DEBUG -- : MONGODB | Topology type 'Unknown' changed to type 'Single'.
D, [2020-11-21T10:54:43.605580 #53285] DEBUG -- : MONGODB | Topology type 'unknown' initializing.
D, [2020-11-21T10:54:43.605815 #53285] DEBUG -- : MONGODB | There was a change in the members of the 'Unknown' topology.
D, [2020-11-21T10:54:43.605977 #53285] DEBUG -- : MONGODB | Server rocklov-db:27017 initializing.
D, [2020-11-21T10:54:43.606148 #53285] DEBUG -- : MONGODB | Waiting for up to 30.00 seconds for servers to be scanned: #<Cluster topology=Unknown[rocklov-db:27017] servers=[#<Server address=rocklov-db:27017 UNKNOWN>]>
D, [2020-11-21T10:54:43.613275 #53285] DEBUG -- : MONGODB | Server description for rocklov-db:27017 changed from 'unknown' to 'standalone'.
D, [2020-11-21T10:54:43.613537 #53285] DEBUG -- : MONGODB | Topology type 'Unknown' changed to type 'Single'.
D, [2020-11-21T10:55:33.980063 #53343] DEBUG -- : MONGODB | Topology type 'unknown' initializing.
D, [2020-11-21T10:55:33.980425 #53343] DEBUG -- : MONGODB | There was a change in the members of the 'Unknown' topology.
D, [2020-11-21T10:55:33.980612 #53343] DEBUG -- : MONGODB | Server rocklov-db:27017 initializing.
D, [2020-11-21T10:55:33.980944 #53343] DEBUG -- : MONGODB | Waiting for up to 30.00 seconds for servers to be scanned: #<Cluster topology=Unknown[rocklov-db:27017] servers=[#<Server address=rocklov-db:27017 UNKNOWN>]>
D, [2020-11-21T10:55:33.987989 #53343] DEBUG -- : MONGODB | Server description for rocklov-db:27017 changed from 'unknown' to 'standalone'.
D, [2020-11-21T10:55:33.988178 #53343] DEBUG -- : MONGODB | Topology type 'Unknown' changed to type 'Single'.
D, [2020-11-21T10:55:33.993977 #53343] DEBUG -- : MONGODB | Server description for rocklov-db:27017 changed from 'standalone' to 'standalone'.
D, [2020-11-21T10:55:33.994078 #53343] DEBUG -- : MONGODB | There was a change in the members of the 'Single' topology.
D, [2020-11-21T10:55:33.994646 #53343] DEBUG -- : MONGODB | rocklov-db:27017 req:7 conn:1:1 sconn:117 | rocklov.find | STARTED | {"find"=>"users", "filter"=>{"email"=>"beetao@yahoo.com"}, "$db"=>"rocklov", "lsid"=>{"id"=><BSON::Binary:0x640 type=uuid data=0xf008a6f31d1940b3...>}}
D, [2020-11-21T10:55:33.997082 #53343] DEBUG -- : MONGODB | rocklov-db:27017 req:7 | rocklov.find | SUCCEEDED | 0.002s
D, [2020-11-21T10:55:34.004235 #53343] DEBUG -- : MONGODB | Server description for rocklov-db:27017 changed from 'standalone' to 'standalone'.
D, [2020-11-21T10:55:34.004333 #53343] DEBUG -- : MONGODB | There was a change in the members of the 'Single' topology.
D, [2020-11-21T10:55:34.004558 #53343] DEBUG -- : MONGODB | rocklov-db:27017 req:9 conn:1:2 sconn:118 | admin.endSessions | STARTED | {"endSessions"=>[{"id"=><BSON::Binary:0x640 type=uuid data=0xf008a6f31d1940b3...>}], "$db"=>"admin"}
D, [2020-11-21T10:55:34.006193 #53343] DEBUG -- : MONGODB | rocklov-db:27017 req:9 | admin.endSessions | SUCCEEDED | 0.002s
D, [2020-11-21T10:56:05.160975 #53395] DEBUG -- : MONGODB | Topology type 'unknown' initializing.
D, [2020-11-21T10:56:05.161236 #53395] DEBUG -- : MONGODB | There was a change in the members of the 'Unknown' topology.
D, [2020-11-21T10:56:05.161386 #53395] DEBUG -- : MONGODB | Server rocklov-db:27017 initializing.
D, [2020-11-21T10:56:05.161800 #53395] DEBUG -- : MONGODB | Waiting for up to 30.00 seconds for servers to be scanned: #<Cluster topology=Unknown[rocklov-db:27017] servers=[#<Server address=rocklov-db:27017 UNKNOWN>]>
D, [2020-11-21T10:56:05.170009 #53395] DEBUG -- : MONGODB | Server description for rocklov-db:27017 changed from 'unknown' to 'standalone'.
D, [2020-11-21T10:56:05.170281 #53395] DEBUG -- : MONGODB | Topology type 'Unknown' changed to type 'Single'.
D, [2020-11-21T10:56:05.176095 #53395] DEBUG -- : MONGODB | Server description for rocklov-db:27017 changed from 'standalone' to 'standalone'.
D, [2020-11-21T10:56:05.176274 #53395] DEBUG -- : MONGODB | There was a change in the members of the 'Single' topology.
D, [2020-11-21T10:56:05.177024 #53395] DEBUG -- : MONGODB | rocklov-db:27017 req:7 conn:1:1 sconn:120 | rocklov.find | STARTED | {"find"=>"users", "filter"=>{"email"=>"beetao@yahoo.com"}, "$db"=>"rocklov", "lsid"=>{"id"=><BSON::Binary:0x640 type=uuid data=0x73916b1920cd4d05...>}}
D, [2020-11-21T10:56:05.179016 #53395] DEBUG -- : MONGODB | rocklov-db:27017 req:7 | rocklov.find | SUCCEEDED | 0.002s
D, [2020-11-21T10:56:05.186177 #53395] DEBUG -- : MONGODB | Server description for rocklov-db:27017 changed from 'standalone' to 'standalone'.
D, [2020-11-21T10:56:05.186296 #53395] DEBUG -- : MONGODB | There was a change in the members of the 'Single' topology.
D, [2020-11-21T10:56:05.186572 #53395] DEBUG -- : MONGODB | rocklov-db:27017 req:9 conn:1:2 sconn:121 | admin.endSessions | STARTED | {"endSessions"=>[{"id"=><BSON::Binary:0x640 type=uuid data=0x73916b1920cd4d05...>}], "$db"=>"admin"}
D, [2020-11-21T10:56:05.188312 #53395] DEBUG -- : MONGODB | rocklov-db:27017 req:9 | admin.endSessions | SUCCEEDED | 0.002s
D, [2020-11-21T10:56:55.311819 #53435] DEBUG -- : MONGODB | Topology type 'unknown' initializing.
D, [2020-11-21T10:56:55.312055 #53435] DEBUG -- : MONGODB | There was a change in the members of the 'Unknown' topology.
D, [2020-11-21T10:56:55.312214 #53435] DEBUG -- : MONGODB | Server rocklov-db:27017 initializing.
D, [2020-11-21T10:56:55.312610 #53435] DEBUG -- : MONGODB | Waiting for up to 30.00 seconds for servers to be scanned: #<Cluster topology=Unknown[rocklov-db:27017] servers=[#<Server address=rocklov-db:27017 UNKNOWN>]>
D, [2020-11-21T10:56:55.321640 #53435] DEBUG -- : MONGODB | Server description for rocklov-db:27017 changed from 'unknown' to 'standalone'.
D, [2020-11-21T10:56:55.321865 #53435] DEBUG -- : MONGODB | Topology type 'Unknown' changed to type 'Single'.
D, [2020-11-21T10:56:55.330943 #53435] DEBUG -- : MONGODB | Server description for rocklov-db:27017 changed from 'standalone' to 'standalone'.
D, [2020-11-21T10:56:55.331071 #53435] DEBUG -- : MONGODB | There was a change in the members of the 'Single' topology.
D, [2020-11-21T10:56:55.331672 #53435] DEBUG -- : MONGODB | rocklov-db:27017 req:7 conn:1:1 sconn:127 | rocklov.find | STARTED | {"find"=>"users", "filter"=>{"email"=>"beetao@yahoo.com"}, "$db"=>"rocklov", "lsid"=>{"id"=><BSON::Binary:0x640 type=uuid data=0x5588cc8e8e854234...>}}
D, [2020-11-21T10:56:55.334070 #53435] DEBUG -- : MONGODB | rocklov-db:27017 req:7 | rocklov.find | SUCCEEDED | 0.002s
D, [2020-11-21T10:56:55.342029 #53435] DEBUG -- : MONGODB | Server description for rocklov-db:27017 changed from 'standalone' to 'standalone'.
D, [2020-11-21T10:56:55.342180 #53435] DEBUG -- : MONGODB | There was a change in the members of the 'Single' topology.
D, [2020-11-21T10:56:55.342491 #53435] DEBUG -- : MONGODB | rocklov-db:27017 req:9 conn:1:2 sconn:128 | admin.endSessions | STARTED | {"endSessions"=>[{"id"=><BSON::Binary:0x640 type=uuid data=0x5588cc8e8e854234...>}], "$db"=>"admin"}
D, [2020-11-21T10:56:55.344629 #53435] DEBUG -- : MONGODB | rocklov-db:27017 req:9 | admin.endSessions | SUCCEEDED | 0.002s
D, [2020-11-21T10:57:00.158882 #53479] DEBUG -- : MONGODB | Topology type 'unknown' initializing.
D, [2020-11-21T10:57:00.159169 #53479] DEBUG -- : MONGODB | There was a change in the members of the 'Unknown' topology.
D, [2020-11-21T10:57:00.159337 #53479] DEBUG -- : MONGODB | Server rocklov-db:27017 initializing.
D, [2020-11-21T10:57:00.159591 #53479] DEBUG -- : MONGODB | Waiting for up to 30.00 seconds for servers to be scanned: #<Cluster topology=Unknown[rocklov-db:27017] servers=[#<Server address=rocklov-db:27017 UNKNOWN>]>
D, [2020-11-21T10:57:00.166933 #53479] DEBUG -- : MONGODB | Server description for rocklov-db:27017 changed from 'unknown' to 'standalone'.
D, [2020-11-21T10:57:00.167260 #53479] DEBUG -- : MONGODB | Topology type 'Unknown' changed to type 'Single'.
D, [2020-11-21T10:57:00.174528 #53479] DEBUG -- : MONGODB | Server description for rocklov-db:27017 changed from 'standalone' to 'standalone'.
D, [2020-11-21T10:57:00.174673 #53479] DEBUG -- : MONGODB | There was a change in the members of the 'Single' topology.
D, [2020-11-21T10:57:00.175351 #53479] DEBUG -- : MONGODB | rocklov-db:27017 req:7 conn:1:1 sconn:130 | rocklov.find | STARTED | {"find"=>"users", "filter"=>{"email"=>"betao@yahoo.com"}, "$db"=>"rocklov", "lsid"=>{"id"=><BSON::Binary:0x640 type=uuid data=0x295f7820c64942d6...>}}
D, [2020-11-21T10:57:00.177765 #53479] DEBUG -- : MONGODB | rocklov-db:27017 req:7 | rocklov.find | SUCCEEDED | 0.002s
D, [2020-11-21T10:57:00.184958 #53479] DEBUG -- : MONGODB | Server description for rocklov-db:27017 changed from 'standalone' to 'standalone'.
D, [2020-11-21T10:57:00.185054 #53479] DEBUG -- : MONGODB | There was a change in the members of the 'Single' topology.
D, [2020-11-21T10:57:00.185312 #53479] DEBUG -- : MONGODB | rocklov-db:27017 req:9 conn:1:2 sconn:131 | admin.endSessions | STARTED | {"endSessions"=>[{"id"=><BSON::Binary:0x640 type=uuid data=0x295f7820c64942d6...>}], "$db"=>"admin"}
D, [2020-11-21T10:57:00.187305 #53479] DEBUG -- : MONGODB | rocklov-db:27017 req:9 | admin.endSessions | SUCCEEDED | 0.002s
D, [2020-11-21T11:05:09.107357 #53808] DEBUG -- : MONGODB | Topology type 'unknown' initializing.
D, [2020-11-21T11:05:09.108616 #53808] DEBUG -- : MONGODB | There was a change in the members of the 'Unknown' topology.
D, [2020-11-21T11:05:09.109150 #53808] DEBUG -- : MONGODB | Server rocklov-db:27017 initializing.
D, [2020-11-21T11:05:09.109537 #53808] DEBUG -- : MONGODB | Waiting for up to 30.00 seconds for servers to be scanned: #<Cluster topology=Unknown[rocklov-db:27017] servers=[#<Server address=rocklov-db:27017 UNKNOWN>]>
D, [2020-11-21T11:05:09.117208 #53808] DEBUG -- : MONGODB | Server description for rocklov-db:27017 changed from 'unknown' to 'standalone'.
D, [2020-11-21T11:05:09.117505 #53808] DEBUG -- : MONGODB | Topology type 'Unknown' changed to type 'Single'.
D, [2020-11-21T11:05:09.126289 #53808] DEBUG -- : MONGODB | Server description for rocklov-db:27017 changed from 'standalone' to 'standalone'.
D, [2020-11-21T11:05:09.126448 #53808] DEBUG -- : MONGODB | There was a change in the members of the 'Single' topology.
D, [2020-11-21T11:05:09.127203 #53808] DEBUG -- : MONGODB | rocklov-db:27017 req:7 conn:1:1 sconn:134 | rocklov.find | STARTED | {"find"=>"users", "filter"=>{"email"=>"betao@yahoo.com"}, "$db"=>"rocklov", "lsid"=>{"id"=><BSON::Binary:0x4540 type=uuid data=0x5673fda8effa45f4...>}}
D, [2020-11-21T11:05:09.130701 #53808] DEBUG -- : MONGODB | rocklov-db:27017 req:7 | rocklov.find | SUCCEEDED | 0.003s
D, [2020-11-21T11:05:09.131117 #53808] DEBUG -- : MONGODB | Topology type 'unknown' initializing.
D, [2020-11-21T11:05:09.131344 #53808] DEBUG -- : MONGODB | There was a change in the members of the 'Unknown' topology.
D, [2020-11-21T11:05:09.131413 #53808] DEBUG -- : MONGODB | Server rocklov-db:27017 initializing.
D, [2020-11-21T11:05:09.131565 #53808] DEBUG -- : MONGODB | Waiting for up to 30.00 seconds for servers to be scanned: #<Cluster topology=Unknown[rocklov-db:27017] servers=[#<Server address=rocklov-db:27017 UNKNOWN>]>
D, [2020-11-21T11:05:09.139881 #53808] DEBUG -- : MONGODB | Server description for rocklov-db:27017 changed from 'unknown' to 'standalone'.
D, [2020-11-21T11:05:09.140130 #53808] DEBUG -- : MONGODB | Topology type 'Unknown' changed to type 'Single'.
D, [2020-11-21T11:05:09.146807 #53808] DEBUG -- : MONGODB | Server description for rocklov-db:27017 changed from 'standalone' to 'standalone'.
D, [2020-11-21T11:05:09.146949 #53808] DEBUG -- : MONGODB | There was a change in the members of the 'Single' topology.
D, [2020-11-21T11:05:09.147576 #53808] DEBUG -- : MONGODB | rocklov-db:27017 req:10 conn:1:1 sconn:136 | rocklov.delete | STARTED | {"delete"=>"equipos", "ordered"=>true, "deletes"=>[{"q"=>{"name"=>"Fender Strato", "user"=>BSON::ObjectId('5fb00bbd6e98e7002fdb2201')}, "limit"=>0}], "$db"=>"rocklov", "lsid"=>{"id"=><BSON::Binary:0x4660 type=uuid data=0x824ee6fc79f04059...>}}
D, [2020-11-21T11:05:09.152136 #53808] DEBUG -- : MONGODB | rocklov-db:27017 req:10 | rocklov.delete | SUCCEEDED | 0.004s
D, [2020-11-21T11:05:09.715618 #53808] DEBUG -- : MONGODB | Server description for rocklov-db:27017 changed from 'standalone' to 'standalone'.
D, [2020-11-21T11:05:09.715823 #53808] DEBUG -- : MONGODB | There was a change in the members of the 'Single' topology.
D, [2020-11-21T11:05:09.716137 #53808] DEBUG -- : MONGODB | rocklov-db:27017 req:12 conn:1:2 sconn:137 | admin.endSessions | STARTED | {"endSessions"=>[{"id"=><BSON::Binary:0x4660 type=uuid data=0x824ee6fc79f04059...>}], "$db"=>"admin"}
D, [2020-11-21T11:05:09.717807 #53808] DEBUG -- : MONGODB | rocklov-db:27017 req:12 | admin.endSessions | SUCCEEDED | 0.002s
D, [2020-11-21T11:05:09.724019 #53808] DEBUG -- : MONGODB | Server description for rocklov-db:27017 changed from 'standalone' to 'standalone'.
D, [2020-11-21T11:05:09.724153 #53808] DEBUG -- : MONGODB | There was a change in the members of the 'Single' topology.
D, [2020-11-21T11:05:09.724445 #53808] DEBUG -- : MONGODB | rocklov-db:27017 req:14 conn:1:2 sconn:138 | admin.endSessions | STARTED | {"endSessions"=>[{"id"=><BSON::Binary:0x4540 type=uuid data=0x5673fda8effa45f4...>}], "$db"=>"admin"}
D, [2020-11-21T11:05:09.725735 #53808] DEBUG -- : MONGODB | rocklov-db:27017 req:14 | admin.endSessions | SUCCEEDED | 0.001s
D, [2020-11-21T11:59:01.662421 #55445] DEBUG -- : MONGODB | Topology type 'unknown' initializing.
D, [2020-11-21T11:59:01.669385 #55445] DEBUG -- : MONGODB | There was a change in the members of the 'Unknown' topology.
D, [2020-11-21T11:59:01.670868 #55445] DEBUG -- : MONGODB | Server rocklov-db:27017 initializing.
D, [2020-11-21T11:59:01.671495 #55445] DEBUG -- : MONGODB | Waiting for up to 30.00 seconds for servers to be scanned: #<Cluster topology=Unknown[rocklov-db:27017] servers=[#<Server address=rocklov-db:27017 UNKNOWN>]>
D, [2020-11-21T11:59:01.688865 #55445] DEBUG -- : MONGODB | Server description for rocklov-db:27017 changed from 'unknown' to 'standalone'.
D, [2020-11-21T11:59:01.689160 #55445] DEBUG -- : MONGODB | Topology type 'Unknown' changed to type 'Single'.
D, [2020-11-21T11:59:01.699787 #55445] DEBUG -- : MONGODB | Server description for rocklov-db:27017 changed from 'standalone' to 'standalone'.
D, [2020-11-21T11:59:01.699935 #55445] DEBUG -- : MONGODB | There was a change in the members of the 'Single' topology.
D, [2020-11-21T11:59:01.700793 #55445] DEBUG -- : MONGODB | rocklov-db:27017 req:7 conn:1:1 sconn:141 | rocklov.find | STARTED | {"find"=>"users", "filter"=>{"email"=>"betao@yahoo.com"}, "$db"=>"rocklov", "lsid"=>{"id"=><BSON::Binary:0x4540 type=uuid data=0x87a9ea82423c415d...>}}
D, [2020-11-21T11:59:01.703097 #55445] DEBUG -- : MONGODB | rocklov-db:27017 req:7 | rocklov.find | SUCCEEDED | 0.002s
D, [2020-11-21T11:59:01.704194 #55445] DEBUG -- : MONGODB | rocklov-db:27017 req:8 conn:1:1 sconn:141 | rocklov.delete | STARTED | {"delete"=>"equipos", "ordered"=>true, "deletes"=>[{"q"=>{"name"=>"Fender Strato", "user"=>BSON::ObjectId('5fb00bbd6e98e7002fdb2201')}, "limit"=>0}], "$db"=>"rocklov", "lsid"=>{"id"=><BSON::Binary:0x4540 type=uuid data=0x87a9ea82423c415d...>}}
D, [2020-11-21T11:59:01.707701 #55445] DEBUG -- : MONGODB | rocklov-db:27017 req:8 | rocklov.delete | SUCCEEDED | 0.003s
D, [2020-11-21T11:59:02.290174 #55445] DEBUG -- : MONGODB | Server description for rocklov-db:27017 changed from 'standalone' to 'standalone'.
D, [2020-11-21T11:59:02.290330 #55445] DEBUG -- : MONGODB | There was a change in the members of the 'Single' topology.
D, [2020-11-21T11:59:02.290721 #55445] DEBUG -- : MONGODB | rocklov-db:27017 req:10 conn:1:2 sconn:142 | admin.endSessions | STARTED | {"endSessions"=>[{"id"=><BSON::Binary:0x4540 type=uuid data=0x87a9ea82423c415d...>}], "$db"=>"admin"}
D, [2020-11-21T11:59:02.292999 #55445] DEBUG -- : MONGODB | rocklov-db:27017 req:10 | admin.endSessions | SUCCEEDED | 0.002s
